CRITICAL - 2020-12-08 21:16:00 --> Unable to connect to the database.
#0 /home/riley/Kuliah/Ngoding/PemWeb/kelompok-7/system/Database/BaseConnection.php(646): CodeIgniter\Database\BaseConnection->initialize()
#1 /home/riley/Kuliah/Ngoding/PemWeb/kelompok-7/system/Database/BaseBuilder.php(1860): CodeIgniter\Database\BaseConnection->query()
#2 /home/riley/Kuliah/Ngoding/PemWeb/kelompok-7/system/Model.php(506): CodeIgniter\Database\BaseBuilder->get()
#3 /home/riley/Kuliah/Ngoding/PemWeb/kelompok-7/app/Validation/UserRules.php(9): CodeIgniter\Model->first()
#4 /home/riley/Kuliah/Ngoding/PemWeb/kelompok-7/system/Validation/Validation.php(325): App\Validation\UserRules->validateUser()
#5 /home/riley/Kuliah/Ngoding/PemWeb/kelompok-7/system/Validation/Validation.php(189): CodeIgniter\Validation\Validation->processRules()
#6 /home/riley/Kuliah/Ngoding/PemWeb/kelompok-7/system/Controller.php(219): CodeIgniter\Validation\Validation->run()
#7 /home/riley/Kuliah/Ngoding/PemWeb/kelompok-7/app/Controllers/Login.php(21): CodeIgniter\Controller->validate()
#8 /home/riley/Kuliah/Ngoding/PemWeb/kelompok-7/system/CodeIgniter.php(922): App\Controllers\Login->index()
#9 /home/riley/Kuliah/Ngoding/PemWeb/kelompok-7/system/CodeIgniter.php(408): CodeIgniter\CodeIgniter->runController()
#10 /home/riley/Kuliah/Ngoding/PemWeb/kelompok-7/system/CodeIgniter.php(316): CodeIgniter\CodeIgniter->handleRequest()
#11 /home/riley/Kuliah/Ngoding/PemWeb/kelompok-7/public/index.php(45): CodeIgniter\CodeIgniter->run()
#12 /home/riley/Kuliah/Ngoding/PemWeb/kelompok-7/system/Commands/Server/rewrite.php(34): require_once('/home/riley/Kul...')
#13 {main}
CRITICAL - 2020-12-08 22:39:33 --> Unable to connect to the database.
#0 /home/riley/Kuliah/Ngoding/PemWeb/kelompok-7/system/Database/BaseConnection.php(646): CodeIgniter\Database\BaseConnection->initialize()
#1 /home/riley/Kuliah/Ngoding/PemWeb/kelompok-7/system/Database/BaseBuilder.php(1860): CodeIgniter\Database\BaseConnection->query()
#2 /home/riley/Kuliah/Ngoding/PemWeb/kelompok-7/system/Model.php(506): CodeIgniter\Database\BaseBuilder->get()
#3 /home/riley/Kuliah/Ngoding/PemWeb/kelompok-7/app/Validation/UserRules.php(9): CodeIgniter\Model->first()
#4 /home/riley/Kuliah/Ngoding/PemWeb/kelompok-7/system/Validation/Validation.php(325): App\Validation\UserRules->validateUser()
#5 /home/riley/Kuliah/Ngoding/PemWeb/kelompok-7/system/Validation/Validation.php(189): CodeIgniter\Validation\Validation->processRules()
#6 /home/riley/Kuliah/Ngoding/PemWeb/kelompok-7/system/Controller.php(219): CodeIgniter\Validation\Validation->run()
#7 /home/riley/Kuliah/Ngoding/PemWeb/kelompok-7/app/Controllers/Login.php(21): CodeIgniter\Controller->validate()
#8 /home/riley/Kuliah/Ngoding/PemWeb/kelompok-7/system/CodeIgniter.php(922): App\Controllers\Login->index()
#9 /home/riley/Kuliah/Ngoding/PemWeb/kelompok-7/system/CodeIgniter.php(408): CodeIgniter\CodeIgniter->runController()
#10 /home/riley/Kuliah/Ngoding/PemWeb/kelompok-7/system/CodeIgniter.php(316): CodeIgniter\CodeIgniter->handleRequest()
#11 /home/riley/Kuliah/Ngoding/PemWeb/kelompok-7/public/index.php(45): CodeIgniter\CodeIgniter->run()
#12 /home/riley/Kuliah/Ngoding/PemWeb/kelompok-7/system/Commands/Server/rewrite.php(34): require_once('/home/riley/Kul...')
#13 {main}
CRITICAL - 2020-12-08 22:40:10 --> Unable to connect to the database.
#0 /home/riley/Kuliah/Ngoding/PemWeb/kelompok-7/system/Database/BaseConnection.php(646): CodeIgniter\Database\BaseConnection->initialize()
#1 /home/riley/Kuliah/Ngoding/PemWeb/kelompok-7/system/Database/BaseBuilder.php(1860): CodeIgniter\Database\BaseConnection->query()
#2 /home/riley/Kuliah/Ngoding/PemWeb/kelompok-7/system/Model.php(506): CodeIgniter\Database\BaseBuilder->get()
#3 /home/riley/Kuliah/Ngoding/PemWeb/kelompok-7/app/Validation/UserRules.php(9): CodeIgniter\Model->first()
#4 /home/riley/Kuliah/Ngoding/PemWeb/kelompok-7/system/Validation/Validation.php(325): App\Validation\UserRules->validateUser()
#5 /home/riley/Kuliah/Ngoding/PemWeb/kelompok-7/system/Validation/Validation.php(189): CodeIgniter\Validation\Validation->processRules()
#6 /home/riley/Kuliah/Ngoding/PemWeb/kelompok-7/system/Controller.php(219): CodeIgniter\Validation\Validation->run()
#7 /home/riley/Kuliah/Ngoding/PemWeb/kelompok-7/app/Controllers/Login.php(21): CodeIgniter\Controller->validate()
#8 /home/riley/Kuliah/Ngoding/PemWeb/kelompok-7/system/CodeIgniter.php(922): App\Controllers\Login->index()
#9 /home/riley/Kuliah/Ngoding/PemWeb/kelompok-7/system/CodeIgniter.php(408): CodeIgniter\CodeIgniter->runController()
#10 /home/riley/Kuliah/Ngoding/PemWeb/kelompok-7/system/CodeIgniter.php(316): CodeIgniter\CodeIgniter->handleRequest()
#11 /home/riley/Kuliah/Ngoding/PemWeb/kelompok-7/public/index.php(45): CodeIgniter\CodeIgniter->run()
#12 /home/riley/Kuliah/Ngoding/PemWeb/kelompok-7/system/Commands/Server/rewrite.php(34): require_once('/home/riley/Kul...')
#13 {main}
